#
# A fatal error has been detected by the Java Runtime Environment:
#
#  EXCEPTION_ACCESS_VIOLATION (0xc0000005) at pc=0x0000000074ea7b1e, pid=8712, tid=14016
#
# JRE version: Java(TM) SE Runtime Environment (9.0+11) (build 9.0.4+11)
# Java VM: Java HotSpot(TM) 64-Bit Server VM (9.0.4+11, mixed mode, tiered, compressed oops, g1 gc, windows-amd64)
# Problematic frame:
# V  [jvm.dll+0x217b1e]
#
# No core dump will be written. Minidumps are not enabled by default on client versions of Windows
#
# If you would like to submit a bug report, please visit:
#   http://bugreport.java.com/bugreport/crash.jsp
#

---------------  S U M M A R Y ------------

Command Line: -agentlib:jdwp=transport=dt_socket,address=127.0.0.1:61971,suspend=y,server=n -Dfile.encoding=UTF-8 old_NoteConversor

Host: Intel(R) Core(TM) i7-7500U CPU @ 2.70GHz, 4 cores, 7G,  Windows 10 , 64 bit Build 17134 (10.0.17134.1)
Time: Tue Aug 14 10:22:42 2018 Hora oficial do Brasil elapsed time: 2370 seconds (0d 0h 39m 30s)

---------------  T H R E A D  ---------------

Current thread (0x00000230ea7cd000):  VMThread "VM Thread" [stack: 0x000000e140600000,0x000000e140700000] [id=14016]

Stack: [0x000000e140600000,0x000000e140700000],  sp=0x000000e1406fe8e8,  free space=1018k
Native frames: (J=compiled Java code, j=interpreted, Vv=VM code, C=native code)
V  [jvm.dll+0x217b1e]


siginfo: EXCEPTION_ACCESS_VIOLATION (0xc0000005), reading address 0x000002404a2f1318


Register to memory mapping:

RIP=0x0000000074ea7b1e jvm.dll
RAX=0x0000000f600002e0 is an unknown value
RBX=0x0000000000000001 is an unknown value
RCX=0x00000230ea2f1028 is pointing into metadata
RDX=0x000000007b000017 is an unknown value
RSP=0x000000e1406fe8e8 is an unknown value
RBP=0x000000e1406fee40 is an unknown value
RSI=0x000000e1406fefd0 is an unknown value
RDI=0x000000e1406fefd0 is an unknown value
R8 =0x0000000000000000 is an unknown value
R9 =0x00000230ea2f00d0 is pointing into metadata
R10=0x00000230ea8541d8 is an unknown value
R11=0x000000e1406fefd0 is an unknown value
R12=0x000000e1406ff201 is an unknown value
R13=0x0000000000000000 is an unknown value
R14=0x0000000000000015 is an unknown value
R15=0x0000000000000348 is an unknown value


Registers:
RAX=0x0000000f600002e0, RBX=0x0000000000000001, RCX=0x00000230ea2f1028, RDX=0x000000007b000017
RSP=0x000000e1406fe8e8, RBP=0x000000e1406fee40, RSI=0x000000e1406fefd0, RDI=0x000000e1406fefd0
R8 =0x0000000000000000, R9 =0x00000230ea2f00d0, R10=0x00000230ea8541d8, R11=0x000000e1406fefd0
R12=0x000000e1406ff201, R13=0x0000000000000000, R14=0x0000000000000015, R15=0x0000000000000348
RIP=0x0000000074ea7b1e, EFLAGS=0x0000000000010202

Top of Stack: (sp=0x000000e1406fe8e8)
0x000000e1406fe8e8:   0000000074f840a0 0000000000000001
0x000000e1406fe8f8:   000000e1406fefd0 000000e1406fe960
0x000000e1406fe908:   0000000000000000 0000000000000000
0x000000e1406fe918:   0000000000000000 000000007542ca20
0x000000e1406fe928:   00000230e9e87498 0000000000000014
0x000000e1406fe938:   000000e10000000c 000000e1406fe960
0x000000e1406fe948:   0000000000000001 000000004600013f
0x000000e1406fe958:   000000007528fdec 000000004fffffff
0x000000e1406fe968:   00000230e9e86f88 0000000000000002
0x000000e1406fe978:   000000000000000a 000000e1406fe9a0
0x000000e1406fe988:   0000000000000001 000000002fffffff
0x000000e1406fe998:   000000e1406ff070 000000004fffffff
0x000000e1406fe9a8:   0000000000000000 000000e1406fefd0
0x000000e1406fe9b8:   000000007528fdec 000000e1406fea20
0x000000e1406fe9c8:   00000230e9e86f88 0000000000000002
0x000000e1406fe9d8:   000000000000000a 000000e1406fefd0 

Instructions: (pc=0x0000000074ea7b1e)
0x0000000074ea7afe:   cc cc 4c 8b c9 45 84 c0 75 47 48 8b 49 10 48 85
0x0000000074ea7b0e:   c9 74 3e 85 d2 79 13 f7 d2 48 63 c2 48 c1 e0 05
0x0000000074ea7b1e:   48 8b 44 08 10 0f b7 c0 eb 12 48 63 c2 48 c1 e0
0x0000000074ea7b2e:   05 48 8b 44 08 10 0f b7 d0 48 63 c2 41 0f b7 4c 


VM_Operation (0x000000e1410ff100): GetOrSetLocal, mode: safepoint, requested by thread 0x00000230eab79000


---------------  P R O C E S S  ---------------

Java Threads: ( => current thread )
  0x00000230eab87000 JavaThread "Service Thread" daemon [_thread_blocked, id=10208, stack(0x000000e141300000,0x000000e141400000)]
  0x00000230eab7c800 JavaThread "JDWP Command Reader" daemon [_thread_in_native, id=13684, stack(0x000000e141200000,0x000000e141300000)]
  0x00000230eab7c000 JavaThread "JDWP Event Helper Thread" daemon [_thread_blocked, id=8336, stack(0x000000e141100000,0x000000e141200000)]
  0x00000230eab79000 JavaThread "JDWP Transport Listener: dt_socket" daemon [_thread_blocked, id=192, stack(0x000000e141000000,0x000000e141100000)]
  0x00000230ea8da800 JavaThread "Common-Cleaner" daemon [_thread_blocked, id=12552, stack(0x000000e140f00000,0x000000e141000000)]
  0x00000230ea850000 JavaThread "Sweeper thread" daemon [_thread_blocked, id=5112, stack(0x000000e140e00000,0x000000e140f00000)]
  0x00000230ea845800 JavaThread "C1 CompilerThread2" daemon [_thread_blocked, id=14756, stack(0x000000e140d00000,0x000000e140e00000)]
  0x00000230ea841800 JavaThread "C2 CompilerThread1" daemon [_thread_blocked, id=12744, stack(0x000000e140c00000,0x000000e140d00000)]
  0x00000230ea83d800 JavaThread "C2 CompilerThread0" daemon [_thread_blocked, id=7532, stack(0x000000e140b00000,0x000000e140c00000)]
  0x00000230ea7df800 JavaThread "Attach Listener" daemon [_thread_blocked, id=14420, stack(0x000000e140a00000,0x000000e140b00000)]
  0x00000230ea7de800 JavaThread "Signal Dispatcher" daemon [_thread_blocked, id=8044, stack(0x000000e140900000,0x000000e140a00000)]
  0x00000230ea7ed000 JavaThread "Finalizer" daemon [_thread_blocked, id=6416, stack(0x000000e140800000,0x000000e140900000)]
  0x00000230ea7e3800 JavaThread "Reference Handler" daemon [_thread_blocked, id=5216, stack(0x000000e140700000,0x000000e140800000)]
  0x00000230c7421800 JavaThread "main" [_thread_blocked, id=7328, stack(0x000000e13fa00000,0x000000e13fb00000)]

Other Threads:
=>0x00000230ea7cd000 VMThread "VM Thread" [stack: 0x000000e140600000,0x000000e140700000] [id=14016]
  0x00000230eab96800 WatcherThread [stack: 0x000000e141400000,0x000000e141500000] [id=13996]
  0x00000230c7437800 GCTaskThread "GC Thread#0" [stack: 0x000000e13fb00000,0x000000e13fc00000] [id=8012]
  0x00000230c7439000 GCTaskThread "GC Thread#1" [stack: 0x000000e13fc00000,0x000000e13fd00000] [id=11960]
  0x00000230c743c800 GCTaskThread "GC Thread#2" [stack: 0x000000e13fd00000,0x000000e13fe00000] [id=10396]
  0x00000230c743e800 GCTaskThread "GC Thread#3" [stack: 0x000000e13fe00000,0x000000e13ff00000] [id=6940]
  0x00000230c74bb800 ConcurrentGCThread "G1 Main Marker" [stack: 0x000000e140400000,0x000000e140500000] [id=3952]
  0x00000230c74be800 ConcurrentGCThread "G1 Marker#0" [stack: 0x000000e140500000,0x000000e140600000] [id=1476]
  0x00000230c7453000 ConcurrentGCThread "G1 Refine#0" [stack: 0x000000e140200000,0x000000e140300000] [id=12992]
  0x00000230c7452000 ConcurrentGCThread "G1 Refine#1" [stack: 0x000000e140100000,0x000000e140200000] [id=10132]
  0x00000230c7450000 ConcurrentGCThread "G1 Refine#2" [stack: 0x000000e140000000,0x000000e140100000] [id=15252]
  0x00000230c7449800 ConcurrentGCThread "G1 Refine#3" [stack: 0x000000e13ff00000,0x000000e140000000] [id=1368]
  0x00000230c7454800 ConcurrentGCThread "G1 Young RemSet Sampling" [stack: 0x000000e140300000,0x000000e140400000] [id=13444]

Threads with active compile tasks:

VM state:at safepoint (normal execution)

VM Mutex/Monitor currently owned by a thread:  ([mutex/lock_event])
[0x00000230c741f690] Threads_lock - owner thread: 0x00000230ea7cd000

Heap address: 0x0000000081800000, size: 2024 MB, Compressed Oops mode: 32-bit
Narrow klass base: 0x0000000000000000, Narrow klass shift: 3
Compressed class space size: 1073741824 Address: 0x0000000100000000

Heap:
 garbage-first heap   total 131072K, used 2048K [0x0000000081800000, 0x0000000081900400, 0x0000000100000000)
  region size 1024K, 3 young (3072K), 0 survivors (0K)
 Metaspace       used 5233K, capacity 5356K, committed 5632K, reserved 1056768K
  class space    used 449K, capacity 479K, committed 512K, reserved 1048576K
Heap Regions: E=young(eden), S=young(survivor), O=old, HS=humongous(starts), HC=humongous(continues), CS=collection set, F=free, A=archive, TS=gc time stamp, AC=allocation context, TAMS=top-at-mark-start (previous, next)
|   0|0x0000000081800000, 0x0000000081800000, 0x0000000081900000|  0%| F|  |TS  0|AC  0|TAMS 0x0000000081800000, 0x0000000081800000|
|   1|0x0000000081900000, 0x0000000081900000, 0x0000000081a00000|  0%| F|  |TS  0|AC  0|TAMS 0x0000000081900000, 0x0000000081900000|
|   2|0x0000000081a00000, 0x0000000081a00000, 0x0000000081b00000|  0%| F|  |TS  0|AC  0|TAMS 0x0000000081a00000, 0x0000000081a00000|
|   3|0x0000000081b00000, 0x0000000081b00000, 0x0000000081c00000|  0%| F|  |TS  0|AC  0|TAMS 0x0000000081b00000, 0x0000000081b00000|
|   4|0x0000000081c00000, 0x0000000081c00000, 0x0000000081d00000|  0%| F|  |TS  0|AC  0|TAMS 0x0000000081c00000, 0x0000000081c00000|
|   5|0x0000000081d00000, 0x0000000081d00000, 0x0000000081e00000|  0%| F|  |TS  0|AC  0|TAMS 0x0000000081d00000, 0x0000000081d00000|
|   6|0x0000000081e00000, 0x0000000081e00000, 0x0000000081f00000|  0%| F|  |TS  0|AC  0|TAMS 0x0000000081e00000, 0x0000000081e00000|
|   7|0x0000000081f00000, 0x0000000081f00000, 0x0000000082000000|  0%| F|  |TS  0|AC  0|TAMS 0x0000000081f00000, 0x0000000081f00000|
|   8|0x0000000082000000, 0x0000000082000000, 0x0000000082100000|  0%| F|  |TS  0|AC  0|TAMS 0x0000000082000000, 0x0000000082000000|
|   9|0x0000000082100000, 0x0000000082100000, 0x0000000082200000|  0%| F|  |TS  0|AC  0|TAMS 0x0000000082100000, 0x0000000082100000|
|  10|0x0000000082200000, 0x0000000082200000, 0x0000000082300000|  0%| F|  |TS  0|AC  0|TAMS 0x0000000082200000, 0x0000000082200000|
|  11|0x0000000082300000, 0x0000000082300000, 0x0000000082400000|  0%| F|  |TS  0|AC  0|TAMS 0x0000000082300000, 0x0000000082300000|
|  12|0x0000000082400000, 0x0000000082400000, 0x0000000082500000|  0%| F|  |TS  0|AC  0|TAMS 0x0000000082400000, 0x0000000082400000|
|  13|0x0000000082500000, 0x0000000082500000, 0x0000000082600000|  0%| F|  |TS  0|AC  0|TAMS 0x0000000082500000, 0x0000000082500000|
|  14|0x0000000082600000, 0x0000000082600000, 0x0000000082700000|  0%| F|  |TS  0|AC  0|TAMS 0x0000000082600000, 0x0000000082600000|
|  15|0x0000000082700000, 0x0000000082700000, 0x0000000082800000|  0%| F|  |TS  0|AC  0|TAMS 0x0000000082700000, 0x0000000082700000|
|  16|0x0000000082800000, 0x0000000082800000, 0x0000000082900000|  0%| F|  |TS  0|AC  0|TAMS 0x0000000082800000, 0x0000000082800000|
|  17|0x0000000082900000, 0x0000000082900000, 0x0000000082a00000|  0%| F|  |TS  0|AC  0|TAMS 0x0000000082900000, 0x0000000082900000|
|  18|0x0000000082a00000, 0x0000000082a00000, 0x0000000082b00000|  0%| F|  |TS  0|AC  0|TAMS 0x0000000082a00000, 0x0000000082a00000|
|  19|0x0000000082b00000, 0x0000000082b00000, 0x0000000082c00000|  0%| F|  |TS  0|AC  0|TAMS 0x0000000082b00000, 0x0000000082b00000|
|  20|0x0000000082c00000, 0x0000000082c00000, 0x0000000082d00000|  0%| F|  |TS  0|AC  0|TAMS 0x0000000082c00000, 0x0000000082c00000|
|  21|0x0000000082d00000, 0x0000000082d00000, 0x0000000082e00000|  0%| F|  |TS  0|AC  0|TAMS 0x0000000082d00000, 0x0000000082d00000|
|  22|0x0000000082e00000, 0x0000000082e00000, 0x0000000082f00000|  0%| F|  |TS  0|AC  0|TAMS 0x0000000082e00000, 0x0000000082e00000|
|  23|0x0000000082f00000, 0x0000000082f00000, 0x0000000083000000|  0%| F|  |TS  0|AC  0|TAMS 0x0000000082f00000, 0x0000000082f00000|
|  24|0x0000000083000000, 0x0000000083000000, 0x0000000083100000|  0%| F|  |TS  0|AC  0|TAMS 0x0000000083000000, 0x0000000083000000|
|  25|0x0000000083100000, 0x0000000083100000, 0x0000000083200000|  0%| F|  |TS  0|AC  0|TAMS 0x0000000083100000, 0x0000000083100000|
|  26|0x0000000083200000, 0x0000000083200000, 0x0000000083300000|  0%| F|  |TS  0|AC  0|TAMS 0x0000000083200000, 0x0000000083200000|
|  27|0x0000000083300000, 0x0000000083300000, 0x0000000083400000|  0%| F|  |TS  0|AC  0|TAMS 0x0000000083300000, 0x0000000083300000|
|  28|0x0000000083400000, 0x0000000083400000, 0x0000000083500000|  0%| F|  |TS  0|AC  0|TAMS 0x0000000083400000, 0x0000000083400000|
|  29|0x0000000083500000, 0x0000000083500000, 0x0000000083600000|  0%| F|  |TS  0|AC  0|TAMS 0x0000000083500000, 0x0000000083500000|
|  30|0x0000000083600000, 0x0000000083600000, 0x0000000083700000|  0%| F|  |TS  0|AC  0|TAMS 0x0000000083600000, 0x0000000083600000|
|  31|0x0000000083700000, 0x0000000083700000, 0x0000000083800000|  0%| F|  |TS  0|AC  0|TAMS 0x0000000083700000, 0x0000000083700000|
|  32|0x0000000083800000, 0x0000000083800000, 0x0000000083900000|  0%| F|  |TS  0|AC  0|TAMS 0x0000000083800000, 0x0000000083800000|
|  33|0x0000000083900000, 0x0000000083900000, 0x0000000083a00000|  0%| F|  |TS  0|AC  0|TAMS 0x0000000083900000, 0x0000000083900000|
|  34|0x0000000083a00000, 0x0000000083a00000, 0x0000000083b00000|  0%| F|  |TS  0|AC  0|TAMS 0x0000000083a00000, 0x0000000083a00000|
|  35|0x0000000083b00000, 0x0000000083b00000, 0x0000000083c00000|  0%| F|  |TS  0|AC  0|TAMS 0x0000000083b00000, 0x0000000083b00000|
|  36|0x0000000083c00000, 0x0000000083c00000, 0x0000000083d00000|  0%| F|  |TS  0|AC  0|TAMS 0x0000000083c00000, 0x0000000083c00000|
|  37|0x0000000083d00000, 0x0000000083d00000, 0x0000000083e00000|  0%| F|  |TS  0|AC  0|TAMS 0x0000000083d00000, 0x0000000083d00000|
|  38|0x0000000083e00000, 0x0000000083e00000, 0x0000000083f00000|  0%| F|  |TS  0|AC  0|TAMS 0x0000000083e00000, 0x0000000083e00000|
|  39|0x0000000083f00000, 0x0000000083f00000, 0x0000000084000000|  0%| F|  |TS  0|AC  0|TAMS 0x0000000083f00000, 0x0000000083f00000|
|  40|0x0000000084000000, 0x0000000084000000, 0x0000000084100000|  0%| F|  |TS  0|AC  0|TAMS 0x0000000084000000, 0x0000000084000000|
|  41|0x0000000084100000, 0x0000000084100000, 0x0000000084200000|  0%| F|  |TS  0|AC  0|TAMS 0x0000000084100000, 0x0000000084100000|
|  42|0x0000000084200000, 0x0000000084200000, 0x0000000084300000|  0%| F|  |TS  0|AC  0|TAMS 0x0000000084200000, 0x0000000084200000|
|  43|0x0000000084300000, 0x0000000084300000, 0x0000000084400000|  0%| F|  |TS  0|AC  0|TAMS 0x0000000084300000, 0x0000000084300000|
|  44|0x0000000084400000, 0x0000000084400000, 0x0000000084500000|  0%| F|  |TS  0|AC  0|TAMS 0x0000000084400000, 0x0000000084400000|
|  45|0x0000000084500000, 0x0000000084500000, 0x0000000084600000|  0%| F|  |TS  0|AC  0|TAMS 0x0000000084500000, 0x0000000084500000|
|  46|0x0000000084600000, 0x0000000084600000, 0x0000000084700000|  0%| F|  |TS  0|AC  0|TAMS 0x0000000084600000, 0x0000000084600000|
|  47|0x0000000084700000, 0x0000000084700000, 0x0000000084800000|  0%| F|  |TS  0|AC  0|TAMS 0x0000000084700000, 0x0000000084700000|
|  48|0x0000000084800000, 0x0000000084800000, 0x0000000084900000|  0%| F|  |TS  0|AC  0|TAMS 0x0000000084800000, 0x0000000084800000|
|  49|0x0000000084900000, 0x0000000084900000, 0x0000000084a00000|  0%| F|  |TS  0|AC  0|TAMS 0x0000000084900000, 0x0000000084900000|
|  50|0x0000000084a00000, 0x0000000084a00000, 0x0000000084b00000|  0%| F|  |TS  0|AC  0|TAMS 0x0000000084a00000, 0x0000000084a00000|
|  51|0x0000000084b00000, 0x0000000084b00000, 0x0000000084c00000|  0%| F|  |TS  0|AC  0|TAMS 0x0000000084b00000, 0x0000000084b00000|
|  52|0x0000000084c00000, 0x0000000084c00000, 0x0000000084d00000|  0%| F|  |TS  0|AC  0|TAMS 0x0000000084c00000, 0x0000000084c00000|
|  53|0x0000000084d00000, 0x0000000084d00000, 0x0000000084e00000|  0%| F|  |TS  0|AC  0|TAMS 0x0000000084d00000, 0x0000000084d00000|
|  54|0x0000000084e00000, 0x0000000084e00000, 0x0000000084f00000|  0%| F|  |TS  0|AC  0|TAMS 0x0000000084e00000, 0x0000000084e00000|
|  55|0x0000000084f00000, 0x0000000084f00000, 0x0000000085000000|  0%| F|  |TS  0|AC  0|TAMS 0x0000000084f00000, 0x0000000084f00000|
|  56|0x0000000085000000, 0x0000000085000000, 0x0000000085100000|  0%| F|  |TS  0|AC  0|TAMS 0x0000000085000000, 0x0000000085000000|
|  57|0x0000000085100000, 0x0000000085100000, 0x0000000085200000|  0%| F|  |TS  0|AC  0|TAMS 0x0000000085100000, 0x0000000085100000|
|  58|0x0000000085200000, 0x0000000085200000, 0x0000000085300000|  0%| F|  |TS  0|AC  0|TAMS 0x0000000085200000, 0x0000000085200000|
|  59|0x0000000085300000, 0x0000000085300000, 0x0000000085400000|  0%| F|  |TS  0|AC  0|TAMS 0x0000000085300000, 0x0000000085300000|
|  60|0x0000000085400000, 0x0000000085400000, 0x0000000085500000|  0%| F|  |TS  0|AC  0|TAMS 0x0000000085400000, 0x0000000085400000|
|  61|0x0000000085500000, 0x0000000085500000, 0x0000000085600000|  0%| F|  |TS  0|AC  0|TAMS 0x0000000085500000, 0x0000000085500000|
|  62|0x0000000085600000, 0x0000000085600000, 0x0000000085700000|  0%| F|  |TS  0|AC  0|TAMS 0x0000000085600000, 0x0000000085600000|
|  63|0x0000000085700000, 0x0000000085700000, 0x0000000085800000|  0%| F|  |TS  0|AC  0|TAMS 0x0000000085700000, 0x0000000085700000|
|  64|0x0000000085800000, 0x0000000085800000, 0x0000000085900000|  0%| F|  |TS  0|AC  0|TAMS 0x0000000085800000, 0x0000000085800000|
|  65|0x0000000085900000, 0x0000000085900000, 0x0000000085a00000|  0%| F|  |TS  0|AC  0|TAMS 0x0000000085900000, 0x0000000085900000|
|  66|0x0000000085a00000, 0x0000000085a00000, 0x0000000085b00000|  0%| F|  |TS  0|AC  0|TAMS 0x0000000085a00000, 0x0000000085a00000|
|  67|0x0000000085b00000, 0x0000000085b00000, 0x0000000085c00000|  0%| F|  |TS  0|AC  0|TAMS 0x0000000085b00000, 0x0000000085b00000|
|  68|0x0000000085c00000, 0x0000000085c00000, 0x0000000085d00000|  0%| F|  |TS  0|AC  0|TAMS 0x0000000085c00000, 0x0000000085c00000|
|  69|0x0000000085d00000, 0x0000000085d00000, 0x0000000085e00000|  0%| F|  |TS  0|AC  0|TAMS 0x0000000085d00000, 0x0000000085d00000|
|  70|0x0000000085e00000, 0x0000000085e00000, 0x0000000085f00000|  0%| F|  |TS  0|AC  0|TAMS 0x0000000085e00000, 0x0000000085e00000|
|  71|0x0000000085f00000, 0x0000000085f00000, 0x0000000086000000|  0%| F|  |TS  0|AC  0|TAMS 0x0000000085f00000, 0x0000000085f00000|
|  72|0x0000000086000000, 0x0000000086000000, 0x0000000086100000|  0%| F|  |TS  0|AC  0|TAMS 0x0000000086000000, 0x0000000086000000|
|  73|0x0000000086100000, 0x0000000086100000, 0x0000000086200000|  0%| F|  |TS  0|AC  0|TAMS 0x0000000086100000, 0x0000000086100000|
|  74|0x0000000086200000, 0x0000000086200000, 0x0000000086300000|  0%| F|  |TS  0|AC  0|TAMS 0x0000000086200000, 0x0000000086200000|
|  75|0x0000000086300000, 0x0000000086300000, 0x0000000086400000|  0%| F|  |TS  0|AC  0|TAMS 0x0000000086300000, 0x0000000086300000|
|  76|0x0000000086400000, 0x0000000086400000, 0x0000000086500000|  0%| F|  |TS  0|AC  0|TAMS 0x0000000086400000, 0x0000000086400000|
|  77|0x0000000086500000, 0x0000000086500000, 0x0000000086600000|  0%| F|  |TS  0|AC  0|TAMS 0x0000000086500000, 0x0000000086500000|
|  78|0x0000000086600000, 0x0000000086600000, 0x0000000086700000|  0%| F|  |TS  0|AC  0|TAMS 0x0000000086600000, 0x0000000086600000|
|  79|0x0000000086700000, 0x0000000086700000, 0x0000000086800000|  0%| F|  |TS  0|AC  0|TAMS 0x0000000086700000, 0x0000000086700000|
|  80|0x0000000086800000, 0x0000000086800000, 0x0000000086900000|  0%| F|  |TS  0|AC  0|TAMS 0x0000000086800000, 0x0000000086800000|
|  81|0x0000000086900000, 0x0000000086900000, 0x0000000086a00000|  0%| F|  |TS  0|AC  0|TAMS 0x0000000086900000, 0x0000000086900000|
|  82|0x0000000086a00000, 0x0000000086a00000, 0x0000000086b00000|  0%| F|  |TS  0|AC  0|TAMS 0x0000000086a00000, 0x0000000086a00000|
|  83|0x0000000086b00000, 0x0000000086b00000, 0x0000000086c00000|  0%| F|  |TS  0|AC  0|TAMS 0x0000000086b00000, 0x0000000086b00000|
|  84|0x0000000086c00000, 0x0000000086c00000, 0x0000000086d00000|  0%| F|  |TS  0|AC  0|TAMS 0x0000000086c00000, 0x0000000086c00000|
|  85|0x0000000086d00000, 0x0000000086d00000, 0x0000000086e00000|  0%| F|  |TS  0|AC  0|TAMS 0x0000000086d00000, 0x0000000086d00000|
|  86|0x0000000086e00000, 0x0000000086e00000, 0x0000000086f00000|  0%| F|  |TS  0|AC  0|TAMS 0x0000000086e00000, 0x0000000086e00000|
|  87|0x0000000086f00000, 0x0000000086f00000, 0x0000000087000000|  0%| F|  |TS  0|AC  0|TAMS 0x0000000086f00000, 0x0000000086f00000|
|  88|0x0000000087000000, 0x0000000087000000, 0x0000000087100000|  0%| F|  |TS  0|AC  0|TAMS 0x0000000087000000, 0x0000000087000000|
|  89|0x0000000087100000, 0x0000000087100000, 0x0000000087200000|  0%| F|  |TS  0|AC  0|TAMS 0x0000000087100000, 0x0000000087100000|
|  90|0x0000000087200000, 0x0000000087200000, 0x0000000087300000|  0%| F|  |TS  0|AC  0|TAMS 0x0000000087200000, 0x0000000087200000|
|  91|0x0000000087300000, 0x0000000087300000, 0x0000000087400000|  0%| F|  |TS  0|AC  0|TAMS 0x0000000087300000, 0x0000000087300000|
|  92|0x0000000087400000, 0x0000000087400000, 0x0000000087500000|  0%| F|  |TS  0|AC  0|TAMS 0x0000000087400000, 0x0000000087400000|
|  93|0x0000000087500000, 0x0000000087500000, 0x0000000087600000|  0%| F|  |TS  0|AC  0|TAMS 0x0000000087500000, 0x0000000087500000|
|  94|0x0000000087600000, 0x0000000087600000, 0x0000000087700000|  0%| F|  |TS  0|AC  0|TAMS 0x0000000087600000, 0x0000000087600000|
|  95|0x0000000087700000, 0x0000000087700000, 0x0000000087800000|  0%| F|  |TS  0|AC  0|TAMS 0x0000000087700000, 0x0000000087700000|
|  96|0x0000000087800000, 0x0000000087800000, 0x0000000087900000|  0%| F|  |TS  0|AC  0|TAMS 0x0000000087800000, 0x0000000087800000|
|  97|0x0000000087900000, 0x0000000087900000, 0x0000000087a00000|  0%| F|  |TS  0|AC  0|TAMS 0x0000000087900000, 0x0000000087900000|
|  98|0x0000000087a00000, 0x0000000087a00000, 0x0000000087b00000|  0%| F|  |TS  0|AC  0|TAMS 0x0000000087a00000, 0x0000000087a00000|
|  99|0x0000000087b00000, 0x0000000087b00000, 0x0000000087c00000|  0%| F|  |TS  0|AC  0|TAMS 0x0000000087b00000, 0x0000000087b00000|
| 100|0x0000000087c00000, 0x0000000087c00000, 0x0000000087d00000|  0%| F|  |TS  0|AC  0|TAMS 0x0000000087c00000, 0x0000000087c00000|
| 101|0x0000000087d00000, 0x0000000087d00000, 0x0000000087e00000|  0%| F|  |TS  0|AC  0|TAMS 0x0000000087d00000, 0x0000000087d00000|
| 102|0x0000000087e00000, 0x0000000087e00000, 0x0000000087f00000|  0%| F|  |TS  0|AC  0|TAMS 0x0000000087e00000, 0x0000000087e00000|
| 103|0x0000000087f00000, 0x0000000087f00000, 0x0000000088000000|  0%| F|  |TS  0|AC  0|TAMS 0x0000000087f00000, 0x0000000087f00000|
| 104|0x0000000088000000, 0x0000000088000000, 0x0000000088100000|  0%| F|  |TS  0|AC  0|TAMS 0x0000000088000000, 0x0000000088000000|
| 105|0x0000000088100000, 0x0000000088100000, 0x0000000088200000|  0%| F|  |TS  0|AC  0|TAMS 0x0000000088100000, 0x0000000088100000|
| 106|0x0000000088200000, 0x0000000088200000, 0x0000000088300000|  0%| F|  |TS  0|AC  0|TAMS 0x0000000088200000, 0x0000000088200000|
| 107|0x0000000088300000, 0x0000000088300000, 0x0000000088400000|  0%| F|  |TS  0|AC  0|TAMS 0x0000000088300000, 0x0000000088300000|
| 108|0x0000000088400000, 0x0000000088400000, 0x0000000088500000|  0%| F|  |TS  0|AC  0|TAMS 0x0000000088400000, 0x0000000088400000|
| 109|0x0000000088500000, 0x0000000088500000, 0x0000000088600000|  0%| F|  |TS  0|AC  0|TAMS 0x0000000088500000, 0x0000000088500000|
| 110|0x0000000088600000, 0x0000000088600000, 0x0000000088700000|  0%| F|  |TS  0|AC  0|TAMS 0x0000000088600000, 0x0000000088600000|
| 111|0x0000000088700000, 0x0000000088700000, 0x0000000088800000|  0%| F|  |TS  0|AC  0|TAMS 0x0000000088700000, 0x0000000088700000|
| 112|0x0000000088800000, 0x0000000088800000, 0x0000000088900000|  0%| F|  |TS  0|AC  0|TAMS 0x0000000088800000, 0x0000000088800000|
| 113|0x0000000088900000, 0x0000000088900000, 0x0000000088a00000|  0%| F|  |TS  0|AC  0|TAMS 0x0000000088900000, 0x0000000088900000|
| 114|0x0000000088a00000, 0x0000000088a00000, 0x0000000088b00000|  0%| F|  |TS  0|AC  0|TAMS 0x0000000088a00000, 0x0000000088a00000|
| 115|0x0000000088b00000, 0x0000000088b00000, 0x0000000088c00000|  0%| F|  |TS  0|AC  0|TAMS 0x0000000088b00000, 0x0000000088b00000|
| 116|0x0000000088c00000, 0x0000000088c00000, 0x0000000088d00000|  0%| F|  |TS  0|AC  0|TAMS 0x0000000088c00000, 0x0000000088c00000|
| 117|0x0000000088d00000, 0x0000000088d00000, 0x0000000088e00000|  0%| F|  |TS  0|AC  0|TAMS 0x0000000088d00000, 0x0000000088d00000|
| 118|0x0000000088e00000, 0x0000000088e00000, 0x0000000088f00000|  0%| F|  |TS  0|AC  0|TAMS 0x0000000088e00000, 0x0000000088e00000|
| 119|0x0000000088f00000, 0x0000000088f00000, 0x0000000089000000|  0%| F|  |TS  0|AC  0|TAMS 0x0000000088f00000, 0x0000000088f00000|
| 120|0x0000000089000000, 0x0000000089000000, 0x0000000089100000|  0%| F|  |TS  0|AC  0|TAMS 0x0000000089000000, 0x0000000089000000|
| 121|0x0000000089100000, 0x0000000089100000, 0x0000000089200000|  0%| F|  |TS  0|AC  0|TAMS 0x0000000089100000, 0x0000000089100000|
| 122|0x0000000089200000, 0x0000000089200000, 0x0000000089300000|  0%| F|  |TS  0|AC  0|TAMS 0x0000000089200000, 0x0000000089200000|
| 123|0x0000000089300000, 0x0000000089300000, 0x0000000089400000|  0%| F|  |TS  0|AC  0|TAMS 0x0000000089300000, 0x0000000089300000|
| 124|0x0000000089400000, 0x0000000089400000, 0x0000000089500000|  0%| F|  |TS  0|AC  0|TAMS 0x0000000089400000, 0x0000000089400000|
| 125|0x0000000089500000, 0x00000000895901f8, 0x0000000089600000| 56%| E|  |TS  0|AC  0|TAMS 0x0000000089500000, 0x0000000089500000|
| 126|0x0000000089600000, 0x0000000089700000, 0x0000000089700000|100%| E|CS|TS  0|AC  0|TAMS 0x0000000089600000, 0x0000000089600000|
| 127|0x0000000089700000, 0x0000000089800000, 0x0000000089800000|100%| E|CS|TS  0|AC  0|TAMS 0x0000000089700000, 0x0000000089700000|

Card table byte_map: [0x00000230e31f0000,0x00000230e35f0000] byte_map_base: 0x00000230e2de4000

Marking Bits (Prev, Next): (CMBitMap*) 0x00000230c74bae50, (CMBitMap*) 0x00000230c74bae88
 Prev Bits: [0x00000230e39f0000, 0x00000230e5990000)
 Next Bits: [0x00000230e5990000, 0x00000230e7930000)

Polling page: 0x00000230c7520000

CodeHeap 'non-profiled nmethods': size=120064Kb used=69Kb max_used=69Kb free=119994Kb
 bounds [0x00000230dae90000, 0x00000230db100000, 0x00000230e23d0000]
CodeHeap 'profiled nmethods': size=120000Kb used=206Kb max_used=206Kb free=119793Kb
 bounds [0x00000230d3960000, 0x00000230d3bd0000, 0x00000230dae90000]
CodeHeap 'non-nmethods': size=5696Kb used=1180Kb max_used=1180Kb free=4515Kb
 bounds [0x00000230d33d0000, 0x00000230d3640000, 0x00000230d3960000]
 total_blobs=575 nmethods=204 adapters=228
 compilation: enabled

Compilation events (10 events):
Event: 0.137 Thread 0x00000230ea845800  154       3       java.lang.AbstractStringBuilder::append (77 bytes)
Event: 0.137 Thread 0x00000230ea845800 nmethod 154 0x00000230d3990b90 code [0x00000230d3990dc0, 0x00000230d39915b0]
Event: 0.140 Thread 0x00000230ea845800  155       3       sun.nio.fs.WindowsPathParser::isInvalidPathChar (22 bytes)
Event: 0.141 Thread 0x00000230ea841800  158       4       java.lang.StringLatin1::indexOf (61 bytes)
Event: 0.141 Thread 0x00000230ea845800 nmethod 155 0x00000230d3991810 code [0x00000230d39919e0, 0x00000230d3991e90]
Event: 0.141 Thread 0x00000230ea845800  156       3       java.util.Arrays::copyOfRange (63 bytes)
Event: 0.141 Thread 0x00000230ea845800 nmethod 156 0x00000230d3992010 code [0x00000230d39922c0, 0x00000230d39930c0]
Event: 0.141 Thread 0x00000230ea845800  157       3       java.lang.StringLatin1::newString (17 bytes)
Event: 0.142 Thread 0x00000230ea845800 nmethod 157 0x00000230d3993510 code [0x00000230d39936e0, 0x00000230d39939f0]
Event: 0.143 Thread 0x00000230ea841800 nmethod 158 0x00000230dae9b490 code [0x00000230dae9b620, 0x00000230dae9b7d8]

GC Heap History (0 events):
No events

Deoptimization events (0 events):
No events

Classes redefined (6 events):
Event: 533.976 Thread 0x00000230ea7cd000 redefined class name=old_NoteConversor, count=1
Event: 757.812 Thread 0x00000230ea7cd000 redefined class name=old_NoteConversor, count=2
Event: 984.182 Thread 0x00000230ea7cd000 redefined class name=old_NoteConversor, count=3
Event: 1160.804 Thread 0x00000230ea7cd000 redefined class name=old_NoteConversor, count=4
Event: 1481.012 Thread 0x00000230ea7cd000 redefined class name=old_NoteConversor, count=5
Event: 2370.005 Thread 0x00000230ea7cd000 redefined class name=old_NoteConversor, count=6

Internal exceptions (0 events):
No events

Events (10 events):
Event: 2370.014 Executing VM operation: ChangeBreakpoints done
Event: 2370.015 Executing VM operation: ChangeBreakpoints
Event: 2370.015 Executing VM operation: ChangeBreakpoints done
Event: 2370.016 Executing VM operation: ChangeBreakpoints
Event: 2370.016 Executing VM operation: ChangeBreakpoints done
Event: 2370.018 Executing VM operation: GetFrameCount
Event: 2370.018 Executing VM operation: GetFrameCount done
Event: 2370.018 Executing VM operation: GetFrameLocation
Event: 2370.018 Executing VM operation: GetFrameLocation done
Event: 2370.019 Executing VM operation: GetOrSetLocal


Dynamic libraries:
0x00007ff7d7450000 - 0x00007ff7d748e000 	C:\Program Files\Java\jdk-9.0.4\bin\java.exe
0x00007ffae6290000 - 0x00007ffae6471000 	C:\WINDOWS\SYSTEM32\ntdll.dll
0x00007ffac64a0000 - 0x00007ffac64d4000 	C:\Program Files\AVAST Software\Avast\x64\aswhooka.dll
0x00007ffae40a0000 - 0x00007ffae4152000 	C:\WINDOWS\System32\KERNEL32.DLL
0x00007ffae2e10000 - 0x00007ffae3083000 	C:\WINDOWS\System32\KERNELBASE.dll
0x00007ffae4370000 - 0x00007ffae4411000 	C:\WINDOWS\System32\ADVAPI32.dll
0x00007ffae3ff0000 - 0x00007ffae408e000 	C:\WINDOWS\System32\msvcrt.dll
0x00007ffae3950000 - 0x00007ffae39ab000 	C:\WINDOWS\System32\sechost.dll
0x00007ffae5b90000 - 0x00007ffae5cb4000 	C:\WINDOWS\System32\RPCRT4.dll
0x00007ffae45b0000 - 0x00007ffae4740000 	C:\WINDOWS\System32\USER32.dll
0x00007ffae3330000 - 0x00007ffae3350000 	C:\WINDOWS\System32\win32u.dll
0x00007ffae4340000 - 0x00007ffae4368000 	C:\WINDOWS\System32\GDI32.dll
0x00007ffae3450000 - 0x00007ffae35e2000 	C:\WINDOWS\System32\gdi32full.dll
0x00007ffae2d70000 - 0x00007ffae2e0f000 	C:\WINDOWS\System32\msvcp_win.dll
0x00007ffae3350000 - 0x00007ffae344a000 	C:\WINDOWS\System32\ucrtbase.dll
0x00007ffad9a90000 - 0x00007ffad9cf9000 	C:\WINDOWS\WinSxS\amd64_microsoft.windows.common-controls_6595b64144ccf1df_6.0.17134.165_none_fb429645306569ac\COMCTL32.dll
0x00007ffae5cc0000 - 0x00007ffae5fe3000 	C:\WINDOWS\System32\combase.dll
0x00007ffae35f0000 - 0x00007ffae366a000 	C:\WINDOWS\System32\bcryptPrimitives.dll
0x00007ffad9e70000 - 0x00007ffad9e7a000 	C:\WINDOWS\SYSTEM32\VERSION.dll
0x00007ffae4420000 - 0x00007ffae444d000 	C:\WINDOWS\System32\IMM32.DLL
0x00007ffad80c0000 - 0x00007ffad81af000 	C:\Program Files\Java\jdk-9.0.4\bin\msvcr120.dll
0x00007ffad8010000 - 0x00007ffad80b6000 	C:\Program Files\Java\jdk-9.0.4\bin\msvcp120.dll
0x0000000074c90000 - 0x00000000756b5000 	C:\Program Files\Java\jdk-9.0.4\bin\server\jvm.dll
0x00007ffae4740000 - 0x00007ffae4748000 	C:\WINDOWS\System32\PSAPI.DLL
0x00007ffad1190000 - 0x00007ffad1199000 	C:\WINDOWS\SYSTEM32\WSOCK32.dll
0x00007ffae5ff0000 - 0x00007ffae605c000 	C:\WINDOWS\System32\WS2_32.dll
0x00007ffad84e0000 - 0x00007ffad8503000 	C:\WINDOWS\SYSTEM32\WINMM.dll
0x00007ffad8200000 - 0x00007ffad822a000 	C:\WINDOWS\SYSTEM32\WINMMBASE.dll
0x00007ffae36d0000 - 0x00007ffae3719000 	C:\WINDOWS\System32\cfgmgr32.dll
0x00007ffadfa50000 - 0x00007ffadfa5f000 	C:\Program Files\Java\jdk-9.0.4\bin\verify.dll
0x00007ffad7fe0000 - 0x00007ffad8007000 	C:\Program Files\Java\jdk-9.0.4\bin\java.dll
0x00007ffad7fa0000 - 0x00007ffad7fd6000 	C:\Program Files\Java\jdk-9.0.4\bin\jdwp.dll
0x00007ffad7f50000 - 0x00007ffad7f66000 	C:\Program Files\Java\jdk-9.0.4\bin\zip.dll
0x00007ffadfa00000 - 0x00007ffadfa0a000 	C:\Program Files\Java\jdk-9.0.4\bin\jimage.dll
0x00007ffae4750000 - 0x00007ffae5b90000 	C:\WINDOWS\System32\SHELL32.dll
0x00007ffae3720000 - 0x00007ffae37c9000 	C:\WINDOWS\System32\shcore.dll
0x00007ffae2660000 - 0x00007ffae2d6d000 	C:\WINDOWS\System32\windows.storage.dll
0x00007ffae6200000 - 0x00007ffae6251000 	C:\WINDOWS\System32\shlwapi.dll
0x00007ffae2600000 - 0x00007ffae2611000 	C:\WINDOWS\System32\kernel.appcore.dll
0x00007ffae2620000 - 0x00007ffae263f000 	C:\WINDOWS\System32\profapi.dll
0x00007ffae25a0000 - 0x00007ffae25ec000 	C:\WINDOWS\System32\powrprof.dll
0x00007ffae25f0000 - 0x00007ffae25fa000 	C:\WINDOWS\System32\FLTLIB.DLL
0x00007ffad7f30000 - 0x00007ffad7f4a000 	C:\Program Files\Java\jdk-9.0.4\bin\net.dll
0x00007ffadd6c0000 - 0x00007ffadd79c000 	C:\WINDOWS\SYSTEM32\WINHTTP.dll
0x00007ffae1e20000 - 0x00007ffae1e86000 	C:\WINDOWS\system32\mswsock.dll
0x00007ffad7f10000 - 0x00007ffad7f21000 	C:\Program Files\Java\jdk-9.0.4\bin\nio.dll
0x00007ffadee40000 - 0x00007ffadee4a000 	C:\Program Files\Java\jdk-9.0.4\bin\dt_socket.dll
0x00007ffae0ff0000 - 0x00007ffae11b9000 	C:\WINDOWS\SYSTEM32\dbghelp.dll

VM Arguments:
jvm_args: -agentlib:jdwp=transport=dt_socket,address=127.0.0.1:61971,suspend=y,server=n -Dfile.encoding=UTF-8 
java_command: old_NoteConversor
java_class_path (initial): C:\Users\tmikulsk1\comp_music_alg\out\production\comp_music_alg;C:\Program Files\JetBrains\IntelliJ IDEA Community Edition 2017.3.5\lib\idea_rt.jar
Launcher Type: SUN_STANDARD

Logging:
Log output configuration:
#0: stdout all=warning uptime,level,tags
#1: stderr all=off uptime,level,tags

Environment Variables:
JAVA_HOME=C:\Program Files\Java\jdk1.8.0_161\bin
CLASSPATH=.;C:\Program Files\Java\jdk1.8.0_161
PATH=C:\Program Files (x86)\Common Files\Oracle\Java\javapath;C:\ProgramData\Oracle\Java\javapath;C:\Program Files (x86)\Intel\Intel(R) Management Engine Components\iCLS\;C:\Program Files\Intel\Intel(R) Management Engine Components\iCLS\;C:\WINDOWS\system32;C:\WINDOWS;C:\WINDOWS\System32\Wbem;C:\WINDOWS\System32\WindowsPowerShell\v1.0\;C:\Program Files (x86)\Intel\Intel(R) Management Engine Components\DAL;C:\Program Files\Intel\Intel(R) Management Engine Components\DAL;C:\Program Files (x86)\Intel\Intel(R) Management Engine Components\IPT;C:\Program Files\Intel\Intel(R) Management Engine Components\IPT;C:\Program Files (x86)\NVIDIA Corporation\PhysX\Common;C:\Program Files\Git\cmd;C:\Users\tmikulsk1\AppData\Local\Microsoft\WindowsApps;C:\sqlite3;C:\Program Files (x86)\Pd\bin;C:\Program Files\nodejs\;C:\Program Files\Java\jdk1.8.0_161\bin;C:\Program Files\Java\jdk1.8.0_162\bin;;C:\WINDOWS\system32;C:\WINDOWS;C:\WINDOWS\System32\Wbem;C:\WINDOWS\System32\WindowsPowerShell\v1.0\;C:\WINDOWS\System32\OpenSSH\;C:\Program Files (x86)\Common Files\Oracle\Java\javapath;C:\ProgramData\Oracle\Java\javapath;C:\Program Files (x86)\Intel\Intel(R) Management Engine Components\iCLS\;C:\Program Files\Intel\Intel(R) Management Engine Components\iCLS\;C:\WINDOWS\system32;C:\WINDOWS;C:\WINDOWS\System32\Wbem;C:\WINDOWS\System32\WindowsPowerShell\v1.0\;C:\Program Files (x86)\Intel\Intel(R) Management Engine Components\DAL;C:\Program Files\Intel\Intel(R) Management Engine Components\DAL;C:\Program Files (x86)\Intel\Intel(R) Management Engine Components\IPT;C:\Program Files\Intel\Intel(R) Management Engine Components\IPT;C:\Program Files (x86)\NVIDIA Corporation\PhysX\Common;C:\Program Files\Git\cmd;C:\Users\tmikulsk1\AppData\Local\Microsoft\WindowsApps;C:\sqlite3;C:\Program Files (x86)\Pd\bin;C:\Program Files\nodejs\;C:\Program Files\Java\jdk1.8.0_161\bin;C:\Program Files\Java\jdk1.8.0_162\bin;C:\WINDOWS\system32;C:\WINDOWS;C:\WINDOWS\System32\Wbem;C:\WINDOWS\System32\WindowsPowerShell\v1.0\;
USERNAME=tmikulsk1
OS=Windows_NT
PROCESSOR_IDENTIFIER=Intel64 Family 6 Model 142 Stepping 9, GenuineIntel



---------------  S Y S T E M  ---------------

OS: Windows 10 , 64 bit Build 17134 (10.0.17134.1)

CPU:total 4 (initial active 4) (2 cores per cpu, 2 threads per core) family 6 model 142 stepping 9, cmov, cx8, fxsr, mmx, sse, sse2, sse3, ssse3, sse4.1, sse4.2, popcnt, avx, avx2, aes, clmul, erms, 3dnowpref, lzcnt, ht, tsc, tscinvbit, bmi1, bmi2, adx, fma

Memory: 4k page, physical 8284632k(2389120k free), swap 16411096k(6794240k free)

vm_info: Java HotSpot(TM) 64-Bit Server VM (9.0.4+11) for windows-amd64 JRE (9.0.4+11), built on Dec 20 2017 02:18:54 by "mach5one" with MS VC++ 12.0 (VS2013)

END.
